2025-12-09 16:25:04,995 - __main__ - INFO - Generating synthetic dataset with 2000 samples...
2025-12-09 16:25:04,996 - __main__ - INFO - Starting training process...
2025-12-09 16:25:05,028 - __main__ - INFO - Running GridSearch for Hyperparameter Tuning...
2025-12-09 16:25:32,160 - __main__ - INFO - Best Parameters found: {'classifier__max_depth': None, 'classifier__min_samples_leaf': 1, 'classifier__min_samples_split': 2, 'classifier__n_estimators': 200}
2025-12-09 16:25:32,166 - __main__ - INFO - Evaluating model on test set...
2025-12-09 16:25:32,234 - __main__ - INFO - 
              precision    recall  f1-score   support

        high       0.99      1.00      1.00       186
         low       1.00      1.00      1.00       159
      medium       1.00      0.98      0.99        55

    accuracy                           1.00       400
   macro avg       1.00      0.99      1.00       400
weighted avg       1.00      1.00      1.00       400

2025-12-09 16:25:32,381 - __main__ - INFO - Model saved to artifacts/
2025-12-09 16:25:32,381 - __main__ - INFO - Running inference on new vehicle data...
2025-12-09 16:33:05,322 - api - INFO - Loading Predictive Maintenance Model...
2025-12-09 16:33:05,489 - predictive_model - INFO - Model loaded successfully.
2025-12-09 16:33:05,490 - api - INFO - Model loaded successfully.
2025-12-09 16:41:40,341 - api - INFO - Shutting down API...
2025-12-09 16:41:55,144 - api - INFO - Loading Predictive Maintenance Model...
2025-12-09 16:41:55,271 - predictive_model - INFO - Model loaded successfully.
2025-12-09 16:41:55,271 - api - INFO - Model loaded successfully.
2025-12-09 16:44:20,423 - api - INFO - Shutting down API...
2025-12-09 16:44:27,919 - api - INFO - Loading Predictive Maintenance Model...
2025-12-09 16:44:28,042 - predictive_model - INFO - Model loaded successfully.
2025-12-09 16:44:28,042 - api - INFO - Model loaded successfully.
2025-12-09 16:45:10,464 - api - INFO - Shutting down API...
2025-12-09 16:45:17,407 - api - INFO - Loading Predictive Maintenance Model...
2025-12-09 16:45:17,540 - predictive_model - INFO - Model loaded successfully.
2025-12-09 16:45:17,540 - api - INFO - Model loaded successfully.
2025-12-09 16:45:26,299 - api - INFO - Shutting down API...
